<?xml version="1.0" encoding="UTF-8"?>
<!-- Generated by org.testng.reporters.JUnitReportReporter -->
<testsuite skipped="0" hostname="D4171551" name="qaclickacademy.Mavenjava.RESTAPITest" tests="2" failures="0" timestamp="10 Sep 2019 17:03:22 GMT" time="0.012" errors="0">
  <testcase name="postjira" time="0.001" classname="qaclickacademy.Mavenjava.RESTAPITest"/>
  <testcase name="deleteTwitter" time="0.011" classname="qaclickacademy.Mavenjava.RESTAPITest"/>
</testsuite> <!-- qaclickacademy.Mavenjava.RESTAPITest -->
